<?xml version="1.0" encoding="UTF-8"?>
<!-- Generated by org.testng.reporters.JUnitReportReporter -->
<testsuite skipped="0" hostname="Amit" name="com.crm.qa.testcases.HomePageTest" tests="2" failures="0" timestamp="02 Oct 2018 06:58:35 GMT" time="0.016" errors="0">
  <testcase name="loginK1" time="0.014" classname="com.crm.qa.testcases.HomePageTest"/>
  <testcase name="loginK2" time="0.002" classname="com.crm.qa.testcases.HomePageTest"/>
</testsuite> <!-- com.crm.qa.testcases.HomePageTest -->
