<?xml version="1.0" encoding="UTF-8"?>
<!-- Generated by org.testng.reporters.JUnitReportReporter -->
<testsuite skipped="0" hostname="Amit" name="com.crm.qa.testcases.Test2" tests="2" failures="0" timestamp="08 Oct 2018 12:57:40 GMT" time="0.022" errors="0">
  <testcase name="loginK12" time="0.011" classname="com.crm.qa.testcases.Test2"/>
  <testcase name="loginK21" time="0.011" classname="com.crm.qa.testcases.Test2"/>
</testsuite> <!-- com.crm.qa.testcases.Test2 -->
