<?xml version="1.0" encoding="UTF-8"?>
<!-- Generated by org.testng.reporters.JUnitReportReporter -->
<testsuite skipped="0" hostname="Amit" name="com.crm.qa.testcases.developTest" tests="2" failures="0" timestamp="08 Oct 2018 12:57:40 GMT" time="0.030" errors="0">
  <testcase name="loginK2" time="0.016" classname="com.crm.qa.testcases.developTest"/>
  <testcase name="loginK1" time="0.014" classname="com.crm.qa.testcases.developTest"/>
</testsuite> <!-- com.crm.qa.testcases.developTest -->
