<?xml version="1.0" encoding="UTF-8"?>
<!-- Generated by org.testng.reporters.JUnitReportReporter -->
<testsuite skipped="0" hostname="Amit" name="com.crm.qa.testcases.Demo" tests="2" failures="0" timestamp="08 Oct 2018 17:51:28 GMT" time="49.744" errors="0">
  <testcase name="addContentInSmartRoomLocalDrive" time="49.742" classname="com.crm.qa.testcases.Demo"/>
  <testcase name="loginK2" time="0.002" classname="com.crm.qa.testcases.Demo"/>
</testsuite> <!-- com.crm.qa.testcases.Demo -->
