<?xml version="1.0" encoding="UTF-8"?>
<!-- Generated by org.testng.reporters.JUnitReportReporter -->
<testsuite skipped="0" hostname="Amit" name="com.crm.qa.testcases.LoginPageTest" tests="2" failures="0" timestamp="02 Oct 2018 05:52:29 GMT" time="0.051" errors="0">
  <testcase name="loginK1" time="0.048" classname="com.crm.qa.testcases.LoginPageTest"/>
  <testcase name="loginK2" time="0.003" classname="com.crm.qa.testcases.LoginPageTest"/>
</testsuite> <!-- com.crm.qa.testcases.LoginPageTest -->
